<?xml version="1.0" encoding="UTF-8"?>
<!-- Generated by org.testng.reporters.JUnitReportReporter -->
<testsuite hostname="DESKTOP-FHJB73V" failures="0" tests="1" name="coverfoxTestMaven.TC_CASE_18991_CoverFox_ValidateBannerCount" time="14.232" errors="0" timestamp="2024-10-27T15:36:05 IST" skipped="0">
  <testcase classname="coverfoxTestMaven.TC_CASE_18991_CoverFox_ValidateBannerCount" name="ValidatePolicyCount" time="14.232">
    <system-out>
      <![CDATA[getting count of policy count
getting poly count from banner display
Tc SuccessFully Completed :  ValidatePolicyCount]]>
    </system-out>
  </testcase> <!-- ValidatePolicyCount -->
  <system-out>
    <![CDATA[launching Browser
Waitingg...
clicking on gender button
Click on next button
Clicking on next button
throwing error message
handling age dropdown
Clicking on next button
enter the pincode
entering mobile number
Clicking on continue button
getting count of policy count
getting poly count from banner display
Tc SuccessFully Completed :  ValidatePolicyCount
Closing Browser]]>
  </system-out>
</testsuite> <!-- coverfoxTestMaven.TC_CASE_18991_CoverFox_ValidateBannerCount -->
