<?xml version="1.0" encoding="UTF-8"?>
<!-- Generated by org.testng.reporters.JUnitReportReporter -->
<testsuite hostname="DESKTOP-FHJB73V" failures="0" tests="2" name="coverfoxTestMaven.TC_CASE_18991_CoverFox_ValidateerroeMessage" time="34.041" errors="0" timestamp="2024-10-27T21:29:37 IST" skipped="0">
  <testcase classname="coverfoxTestMaven.TC_CASE_18991_CoverFox_ValidateerroeMessage" name="ValidatePincodeErrorMessage" time="19.321">
    <system-out>
      <![CDATA[entering mobile number
Clicking on continue button
Tc SuccessFully Completed :  ValidatePincodeErrorMessage]]>
    </system-out>
  </testcase> <!-- ValidatePincodeErrorMessage -->
  <testcase classname="coverfoxTestMaven.TC_CASE_18991_CoverFox_ValidateerroeMessage" name="ValidateMobileErrorMessage" time="14.720">
    <system-out>
      <![CDATA[enter the pincode
Clicking on continue button
Tc SuccessFully Completed :  ValidateMobileErrorMessage]]>
    </system-out>
  </testcase> <!-- ValidateMobileErrorMessage -->
  <system-out>
    <![CDATA[launching Browser
Waitingg...
clicking on gender button
Click on next button
Clicking on next button
throwing error message
handling age dropdown
Clicking on next button
entering mobile number
Clicking on continue button
Tc SuccessFully Completed :  ValidatePincodeErrorMessage
Closing Browser
launching Browser
Waitingg...
clicking on gender button
Click on next button
Clicking on next button
throwing error message
handling age dropdown
Clicking on next button
enter the pincode
Clicking on continue button
Tc SuccessFully Completed :  ValidateMobileErrorMessage
Closing Browser]]>
  </system-out>
</testsuite> <!-- coverfoxTestMaven.TC_CASE_18991_CoverFox_ValidateerroeMessage -->
